c:\cosmicdecay\cosmic-decay\cosmic-decay\x64\debug\vc143.pdb
c:\cosmicdecay\cosmic-decay\cosmic-decay\x64\debug\vc143.idb
c:\cosmicdecay\cosmic-decay\cosmic-decay\x64\debug\zachability.obj
c:\cosmicdecay\cosmic-decay\cosmic-decay\x64\debug\update.obj
c:\cosmicdecay\cosmic-decay\cosmic-decay\x64\debug\textureholder.obj
c:\cosmicdecay\cosmic-decay\cosmic-decay\x64\debug\szymonability.obj
c:\cosmicdecay\cosmic-decay\cosmic-decay\x64\debug\stdafx.obj
c:\cosmicdecay\cosmic-decay\cosmic-decay\x64\debug\player.obj
c:\cosmicdecay\cosmic-decay\cosmic-decay\x64\debug\playablecharacter.obj
c:\cosmicdecay\cosmic-decay\cosmic-decay\x64\debug\matthewability.obj
c:\cosmicdecay\cosmic-decay\cosmic-decay\x64\debug\main.obj
c:\cosmicdecay\cosmic-decay\cosmic-decay\x64\debug\loadlevel.obj
c:\cosmicdecay\cosmic-decay\cosmic-decay\x64\debug\levelmanager.obj
c:\cosmicdecay\cosmic-decay\cosmic-decay\x64\debug\input.obj
c:\cosmicdecay\cosmic-decay\cosmic-decay\x64\debug\enemy.obj
c:\cosmicdecay\cosmic-decay\cosmic-decay\x64\debug\draw.obj
c:\cosmicdecay\cosmic-decay\cosmic-decay\x64\debug\detectcollisions.obj
c:\cosmicdecay\cosmic-decay\cosmic-decay\x64\debug\coreyability.obj
c:\cosmicdecay\cosmic-decay\cosmic-decay\x64\debug\bullet.obj
c:\cosmicdecay\cosmic-decay\cosmic-decay\x64\debug\engine.obj
c:\cosmicdecay\cosmic-decay\cosmic-decay\x64\debug\fuses.obj
c:\cosmicdecay\cosmic-decay\cosmic-decay\x64\debug\healthpickup.obj
c:\cosmicdecay\cosmic-decay\cosmic-decay\x64\debug\ammopickup.obj
c:\cosmicdecay\cosmic-decay\cosmic-decay\x64\debug\arm.obj
c:\cosmicdecay\cosmic-decay\cosmic-decay\x64\debug\hud.obj
c:\cosmicdecay\cosmic-decay\cosmic-decay\x64\debug\shuttle.obj
c:\cosmicdecay\cosmic-decay\cosmic-decay\x64\debug\dots.obj
c:\cosmicdecay\cosmic-decay\x64\debug\cosmic-decay.pdb
c:\cosmicdecay\cosmic-decay\cosmic-decay\x64\debug\cosmic-decay.tlog\cl.command.1.tlog
c:\cosmicdecay\cosmic-decay\cosmic-decay\x64\debug\cosmic-decay.tlog\cl.items.tlog
c:\cosmicdecay\cosmic-decay\cosmic-decay\x64\debug\cosmic-decay.tlog\cl.read.1.tlog
c:\cosmicdecay\cosmic-decay\cosmic-decay\x64\debug\cosmic-decay.tlog\cl.write.1.tlog
c:\cosmicdecay\cosmic-decay\cosmic-decay\x64\debug\cosmic-decay.tlog\link-cvtres.read.1.tlog
c:\cosmicdecay\cosmic-decay\cosmic-decay\x64\debug\cosmic-decay.tlog\link-cvtres.write.1.tlog
c:\cosmicdecay\cosmic-decay\cosmic-decay\x64\debug\cosmic-decay.tlog\link-rc.read.1.tlog
c:\cosmicdecay\cosmic-decay\cosmic-decay\x64\debug\cosmic-decay.tlog\link-rc.write.1.tlog
c:\cosmicdecay\cosmic-decay\cosmic-decay\x64\debug\cosmic-decay.tlog\link.1524-cvtres.read.1.tlog
c:\cosmicdecay\cosmic-decay\cosmic-decay\x64\debug\cosmic-decay.tlog\link.1524-cvtres.write.1.tlog
c:\cosmicdecay\cosmic-decay\cosmic-decay\x64\debug\cosmic-decay.tlog\link.1524-rc.read.1.tlog
c:\cosmicdecay\cosmic-decay\cosmic-decay\x64\debug\cosmic-decay.tlog\link.1524-rc.write.1.tlog
c:\cosmicdecay\cosmic-decay\cosmic-decay\x64\debug\cosmic-decay.tlog\link.1524.read.1.tlog
c:\cosmicdecay\cosmic-decay\cosmic-decay\x64\debug\cosmic-decay.tlog\link.1524.read.2.tlog
c:\cosmicdecay\cosmic-decay\cosmic-decay\x64\debug\cosmic-decay.tlog\link.1524.write.1.tlog
c:\cosmicdecay\cosmic-decay\cosmic-decay\x64\debug\cosmic-decay.tlog\link.command.1.tlog
c:\cosmicdecay\cosmic-decay\cosmic-decay\x64\debug\cosmic-decay.tlog\link.read.1.tlog
c:\cosmicdecay\cosmic-decay\cosmic-decay\x64\debug\cosmic-decay.tlog\link.read.3.tlog
c:\cosmicdecay\cosmic-decay\cosmic-decay\x64\debug\cosmic-decay.tlog\link.write.1.tlog
